c:\users\little hong\source\repos\primerpasorpg\primerpasorpg\x64\release\vc143.pdb
c:\users\little hong\source\repos\primerpasorpg\primerpasorpg\x64\release\main.obj
c:\users\little hong\source\repos\primerpasorpg\primerpasorpg\x64\release\defines.obj
c:\users\little hong\source\repos\primerpasorpg\primerpasorpg\x64\release\core.obj
c:\users\little hong\source\repos\primerpasorpg\primerpasorpg\x64\release\stagenormal.obj
c:\users\little hong\source\repos\primerpasorpg\primerpasorpg\x64\release\stagehard.obj
c:\users\little hong\source\repos\primerpasorpg\primerpasorpg\x64\release\stageeasy.obj
c:\users\little hong\source\repos\primerpasorpg\primerpasorpg\x64\release\stage.obj
c:\users\little hong\source\repos\primerpasorpg\primerpasorpg\x64\release\stagemanager.obj
c:\users\little hong\source\repos\primerpasorpg\primerpasorpg\x64\release\player.obj
c:\users\little hong\source\repos\primerpasorpg\primerpasorpg\x64\release\object.obj
c:\users\little hong\source\repos\primerpasorpg\primerpasorpg\x64\release\monster.obj
c:\users\little hong\source\repos\primerpasorpg\primerpasorpg\x64\release\character.obj
c:\users\little hong\source\repos\primerpasorpg\primerpasorpg\x64\release\objectmanager.obj
c:\users\little hong\source\repos\primerpasorpg\primerpasorpg\x64\release\storeweapon.obj
c:\users\little hong\source\repos\primerpasorpg\primerpasorpg\x64\release\storearmor.obj
c:\users\little hong\source\repos\primerpasorpg\primerpasorpg\x64\release\store.obj
c:\users\little hong\source\repos\primerpasorpg\primerpasorpg\x64\release\storemanager.obj
c:\users\little hong\source\repos\primerpasorpg\primerpasorpg\x64\release\itemweapon.obj
c:\users\little hong\source\repos\primerpasorpg\primerpasorpg\x64\release\itemarmor.obj
c:\users\little hong\source\repos\primerpasorpg\primerpasorpg\x64\release\item.obj
c:\users\little hong\source\repos\primerpasorpg\primerpasorpg\x64\release\inventory.obj
c:\users\little hong\source\repos\primerpasorpg\primerpasorpg\x64\release\filestream.obj
c:\users\little hong\source\repos\primerpasorpg\primerpasorpg\x64\release\editorcore.obj
c:\users\little hong\source\repos\primerpasorpg\primerpasorpg\x64\release\editormonster.obj
c:\users\little hong\source\repos\primerpasorpg\primerpasorpg\x64\release\editoritem.obj
c:\users\little hong\source\repos\primerpasorpg\x64\release\primerpasorpg.exe
c:\users\little hong\source\repos\primerpasorpg\primerpasorpg\x64\release\primerpasorpg.ipdb
c:\users\little hong\source\repos\primerpasorpg\x64\release\primerpasorpg.pdb
c:\users\little hong\source\repos\primerpasorpg\primerpasorpg\x64\release\primerpasorpg.iobj
c:\users\little hong\source\repos\primerpasorpg\primerpasorpg\x64\release\primerpasorpg_file.obj
c:\users\little hong\source\repos\primerpasorpg\primerpasorpg\x64\release\primerpasorpg_itemtool.obj
c:\users\little hong\source\repos\primerpasorpg\primerpasorpg\x64\release\primerpasorpg_monstertool.obj
c:\users\little hong\source\repos\primerpasorpg\primerpasorpg\x64\release\primerpasorpg.tlog\cl.command.1.tlog
c:\users\little hong\source\repos\primerpasorpg\primerpasorpg\x64\release\primerpasorpg.tlog\cl.read.1.tlog
c:\users\little hong\source\repos\primerpasorpg\primerpasorpg\x64\release\primerpasorpg.tlog\cl.write.1.tlog
c:\users\little hong\source\repos\primerpasorpg\primerpasorpg\x64\release\primerpasorpg.tlog\link.command.1.tlog
c:\users\little hong\source\repos\primerpasorpg\primerpasorpg\x64\release\primerpasorpg.tlog\link.read.1.tlog
c:\users\little hong\source\repos\primerpasorpg\primerpasorpg\x64\release\primerpasorpg.tlog\link.write.1.tlog
